0 info it worked if it ends with ok
1 verbose cli [ 'd:\\nodejs\\\\node.exe',
1 verbose cli   'd:\\nodejs\\node_modules\\npm\\bin\\npm-cli.js',
1 verbose cli   'install',
1 verbose cli   '-g',
1 verbose cli   'create-react-app' ]
2 info using npm@1.3.8
3 info using node@v0.10.18
4 verbose node symlink d:\nodejs\\node.exe
5 verbose cache add [ 'create-react-app', null ]
6 verbose cache add name=undefined spec="create-react-app" args=["create-react-app",null]
7 verbose parsed url { protocol: null,
7 verbose parsed url   slashes: null,
7 verbose parsed url   auth: null,
7 verbose parsed url   host: null,
7 verbose parsed url   port: null,
7 verbose parsed url   hostname: null,
7 verbose parsed url   hash: null,
7 verbose parsed url   search: null,
7 verbose parsed url   query: null,
7 verbose parsed url   pathname: 'create-react-app',
7 verbose parsed url   path: 'create-react-app',
7 verbose parsed url   href: 'create-react-app' }
8 silly lockFile 12ca563e-create-react-app create-react-app
9 verbose lock create-react-app C:\Users\Gopi_Teekenam\AppData\Roaming\npm-cache\12ca563e-create-react-app.lock
10 silly lockFile 12ca563e-create-react-app create-react-app
11 silly lockFile 12ca563e-create-react-app create-react-app
12 verbose addNamed [ 'create-react-app', '' ]
13 verbose addNamed [ null, '*' ]
14 silly lockFile e90bd262-create-react-app create-react-app@
15 verbose lock create-react-app@ C:\Users\Gopi_Teekenam\AppData\Roaming\npm-cache\e90bd262-create-react-app.lock
16 silly addNameRange { name: 'create-react-app', range: '*', hasData: false }
17 verbose url raw create-react-app
18 verbose url resolving [ 'https://registry.npmjs.org/', './create-react-app' ]
19 verbose url resolved https://registry.npmjs.org/create-react-app
20 info trying registry request attempt 1 at 18:49:37
21 http GET https://registry.npmjs.org/create-react-app
22 info retry will retry, error on last attempt: Error: CERT_UNTRUSTED
23 info trying registry request attempt 2 at 18:49:47
24 http GET https://registry.npmjs.org/create-react-app
25 info retry will retry, error on last attempt: Error: CERT_UNTRUSTED
26 info trying registry request attempt 3 at 18:50:47
27 http GET https://registry.npmjs.org/create-react-app
28 silly lockFile e90bd262-create-react-app create-react-app@
29 silly lockFile e90bd262-create-react-app create-react-app@
30 error Error: CERT_UNTRUSTED
30 error     at SecurePair.<anonymous> (tls.js:1357:32)
30 error     at SecurePair.EventEmitter.emit (events.js:92:17)
30 error     at SecurePair.maybeInitFinished (tls.js:970:10)
30 error     at CleartextStream.read [as _read] (tls.js:463:15)
30 error     at CleartextStream.Readable.read (_stream_readable.js:320:10)
30 error     at EncryptedStream.write [as _write] (tls.js:366:25)
30 error     at doWrite (_stream_writable.js:221:10)
30 error     at writeOrBuffer (_stream_writable.js:211:5)
30 error     at EncryptedStream.Writable.write (_stream_writable.js:180:11)
30 error     at write (_stream_readable.js:583:24)
31 error If you need help, you may report this log at:
31 error     <http://github.com/isaacs/npm/issues>
31 error or email it to:
31 error     <npm-@googlegroups.com>
32 error System Windows_NT 6.2.9200
33 error command "d:\\nodejs\\\\node.exe" "d:\\nodejs\\node_modules\\npm\\bin\\npm-cli.js" "install" "-g" "create-react-app"
34 error cwd D:\demo123
35 error node -v v0.10.18
36 error npm -v 1.3.8
37 verbose exit [ 1, true ]
